2026-06-07 01:07:56,040 - INFO - CV Parser run started.
2026-06-07 01:07:56,040 - INFO - PDF files found: 6
2026-06-07 01:07:56,040 - INFO - Processing PDF: cv_001_standard.pdf
2026-06-07 01:07:56,064 - INFO - Text extracted successfully: cv_001_standard.pdf
2026-06-07 01:07:56,064 - INFO - Email found: cv_001_standard.pdf
2026-06-07 01:07:56,064 - INFO - Phone found: cv_001_standard.pdf
2026-06-07 01:07:56,064 - INFO - Candidate name found: cv_001_standard.pdf
2026-06-07 01:07:56,064 - INFO - Processing PDF: cv_002_two_column.pdf
2026-06-07 01:07:56,085 - INFO - Text extracted successfully: cv_002_two_column.pdf
2026-06-07 01:07:56,085 - INFO - Email found: cv_002_two_column.pdf
2026-06-07 01:07:56,085 - INFO - Phone found: cv_002_two_column.pdf
2026-06-07 01:07:56,085 - INFO - Candidate name found: cv_002_two_column.pdf
2026-06-07 01:07:56,085 - INFO - Processing PDF: cv_003_tables.pdf
2026-06-07 01:07:56,110 - INFO - Text extracted successfully: cv_003_tables.pdf
2026-06-07 01:07:56,111 - INFO - Email found: cv_003_tables.pdf
2026-06-07 01:07:56,111 - INFO - Phone found: cv_003_tables.pdf
2026-06-07 01:07:56,111 - INFO - Candidate name found: cv_003_tables.pdf
2026-06-07 01:07:56,111 - INFO - Processing PDF: cv_004_dates_gaps.pdf
2026-06-07 01:07:56,133 - INFO - Text extracted successfully: cv_004_dates_gaps.pdf
2026-06-07 01:07:56,133 - INFO - Email found: cv_004_dates_gaps.pdf
2026-06-07 01:07:56,133 - INFO - Phone found: cv_004_dates_gaps.pdf
2026-06-07 01:07:56,133 - INFO - Candidate name found: cv_004_dates_gaps.pdf
2026-06-07 01:07:56,133 - INFO - Processing PDF: cv_005_no_degree.pdf
2026-06-07 01:07:56,154 - INFO - Text extracted successfully: cv_005_no_degree.pdf
2026-06-07 01:07:56,154 - INFO - Email found: cv_005_no_degree.pdf
2026-06-07 01:07:56,154 - INFO - Phone found: cv_005_no_degree.pdf
2026-06-07 01:07:56,154 - INFO - Candidate name found: cv_005_no_degree.pdf
2026-06-07 01:07:56,155 - INFO - Processing PDF: cv_006_long_multpage.pdf
2026-06-07 01:07:56,193 - INFO - Text extracted successfully: cv_006_long_multpage.pdf
2026-06-07 01:07:56,194 - INFO - Email found: cv_006_long_multpage.pdf
2026-06-07 01:07:56,194 - INFO - Phone found: cv_006_long_multpage.pdf
2026-06-07 01:07:56,194 - INFO - Candidate name found: cv_006_long_multpage.pdf
2026-06-07 01:07:56,200 - INFO - CV Parser run completed.
