2026-06-07 21:30:42,053 - INFO - JD Parser run started.
2026-06-07 21:30:42,053 - INFO - TXT files found: 6
2026-06-07 21:30:42,054 - INFO - Processing JD: ai_operations_coordinator_jd.txt
2026-06-07 21:30:42,054 - INFO - Text loaded successfully: ai_operations_coordinator_jd.txt
2026-06-07 21:30:42,054 - INFO - Extraction completed: ai_operations_coordinator_jd.txt
2026-06-07 21:30:42,054 - INFO - Processing JD: cybersecurity_analyst_jd.txt
2026-06-07 21:30:42,054 - INFO - Text loaded successfully: cybersecurity_analyst_jd.txt
2026-06-07 21:30:42,054 - INFO - Extraction completed: cybersecurity_analyst_jd.txt
2026-06-07 21:30:42,054 - INFO - Processing JD: data_analyst_jd.txt
2026-06-07 21:30:42,054 - INFO - Text loaded successfully: data_analyst_jd.txt
2026-06-07 21:30:42,054 - INFO - Extraction completed: data_analyst_jd.txt
2026-06-07 21:30:42,054 - INFO - Processing JD: hr_specialist_jd.txt
2026-06-07 21:30:42,054 - INFO - Text loaded successfully: hr_specialist_jd.txt
2026-06-07 21:30:42,055 - INFO - Extraction completed: hr_specialist_jd.txt
2026-06-07 21:30:42,055 - INFO - Processing JD: product_manager_jd.txt
2026-06-07 21:30:42,055 - INFO - Text loaded successfully: product_manager_jd.txt
2026-06-07 21:30:42,055 - INFO - Extraction completed: product_manager_jd.txt
2026-06-07 21:30:42,055 - INFO - Processing JD: python_backend_developer_jd.txt
2026-06-07 21:30:42,055 - INFO - Text loaded successfully: python_backend_developer_jd.txt
2026-06-07 21:30:42,055 - INFO - Extraction completed: python_backend_developer_jd.txt
2026-06-07 21:30:42,055 - INFO - JD Parser run completed.
